app/build/intermediates/manifest_merge_blame_file/release/manifest-merger-blame-release-report.txt
1<?xml version="1.0" encoding="utf-8"?>
2<manifest xmlns:android="http://schemas.android.com/apk/res/android"
3    package="com.google.mlkit.vision.demo"
4    android:installLocation="auto"
5    android:versionCode="11"
6    android:versionName="1.11" >
7    <!--
8 CameraX libraries require minSdkVersion 21, while this quickstart app
9    supports low to 16. Needs to use overrideLibrary to make the merger tool
10    ignore this conflict and import the libraries while keeping the app's lower
11    minSdkVersion value. In code, will check SDK version, before calling CameraX
12    APIs.
13    -->
14    <uses-sdk
14-->src/main/AndroidManifest.xml:12:5-15:63
15        android:minSdkVersion="16"
15-->src/main/AndroidManifest.xml:12:5-15:63
16        android:targetSdkVersion="30" />
16-->src/main/AndroidManifest.xml:12:5-15:63
17
18    <uses-feature android:name="android.hardware.camera" />
18-->src/main/AndroidManifest.xml:17:5-59
18-->src/main/AndroidManifest.xml:17:19-57
19
20    <uses-permission android:name="android.permission.INTERNET" />
20-->src/main/AndroidManifest.xml:19:5-66
20-->src/main/AndroidManifest.xml:19:22-64
21    <uses-permission android:name="android.permission.WRITE_EXTERNAL_STORAGE" />
21-->src/main/AndroidManifest.xml:20:5-80
21-->src/main/AndroidManifest.xml:20:22-78
22    <uses-permission android:name="android.permission.READ_EXTERNAL_STORAGE" />
22-->src/main/AndroidManifest.xml:21:5-79
22-->src/main/AndroidManifest.xml:21:22-77
23    <uses-permission android:name="android.permission.CAMERA" />
23-->src/main/AndroidManifest.xml:22:5-64
23-->src/main/AndroidManifest.xml:22:22-62
24    <uses-permission android:name="android.permission.VIBRATE" />
24-->src/main/AndroidManifest.xml:23:5-66
24-->src/main/AndroidManifest.xml:23:22-63
25
26    <queries>
26-->src/main/AndroidManifest.xml:62:5-66:15
27        <intent>
27-->src/main/AndroidManifest.xml:63:9-65:18
28            <action android:name="android.media.action.IMAGE_CAPTURE" />
28-->src/main/AndroidManifest.xml:64:13-73
28-->src/main/AndroidManifest.xml:64:21-70
29        </intent>
30    </queries>
31
32    <!-- Although the *SdkVersion is captured in gradle build files, this is required for non gradle builds -->
33    <!-- <uses-sdk android:minSdkVersion="14"/> -->
34    <uses-permission android:name="android.permission.ACCESS_NETWORK_STATE" />
34-->[com.google.android.datatransport:transport-backend-cct:2.3.3] AndroidManifest.xml:25:5-79
34-->[com.google.android.datatransport:transport-backend-cct:2.3.3] AndroidManifest.xml:25:22-76
35
36    <application
36-->src/main/AndroidManifest.xml:25:5-61:19
37        android:name="androidx.multidex.MultiDexApplication"
37-->src/main/AndroidManifest.xml:26:9-61
38        android:appComponentFactory="androidx.core.app.CoreComponentFactory"
38-->[androidx.core:core:1.3.1] AndroidManifest.xml:24:18-86
39        android:icon="@drawable/logo_mlkit"
39-->src/main/AndroidManifest.xml:27:9-44
40        android:label="@string/app_name"
40-->src/main/AndroidManifest.xml:28:9-41
41        android:theme="@style/Theme.AppCompat" >
41-->src/main/AndroidManifest.xml:29:9-47
42        <meta-data
42-->src/main/AndroidManifest.xml:31:9-33:68
43            android:name="com.google.android.gms.version"
43-->src/main/AndroidManifest.xml:32:13-58
44            android:value="@integer/google_play_services_version" />
44-->src/main/AndroidManifest.xml:33:13-66
45
46        <!--
47          Optional: Add it to automatically download ML model to device after
48          your app is installed.
49        -->
50        <meta-data
50-->src/main/AndroidManifest.xml:37:9-39:51
51            android:name="com.google.mlkit.vision.DEPENDENCIES"
51-->src/main/AndroidManifest.xml:38:13-64
52            android:value="barcode,face,ocr,ica" />
52-->src/main/AndroidManifest.xml:39:13-49
53
54        <activity
54-->src/main/AndroidManifest.xml:41:9-45:20
55            android:name="com.google.mlkit.vision.demo.kotlin.LivePreviewActivity"
55-->src/main/AndroidManifest.xml:42:13-55
56            android:exported="true"
56-->src/main/AndroidManifest.xml:43:13-36
57            android:theme="@style/AppTheme" >
57-->src/main/AndroidManifest.xml:44:13-44
58        </activity>
59        <activity
59-->src/main/AndroidManifest.xml:47:9-55:20
60            android:name="com.google.mlkit.vision.demo.kotlin.CameraXLivePreviewActivity"
60-->src/main/AndroidManifest.xml:48:13-62
61            android:exported="true"
61-->src/main/AndroidManifest.xml:49:13-36
62            android:theme="@style/AppTheme" >
62-->src/main/AndroidManifest.xml:50:13-44
63            <intent-filter>
63-->src/main/AndroidManifest.xml:51:13-54:29
64                <action android:name="android.intent.action.MAIN" />
64-->src/main/AndroidManifest.xml:52:17-68
64-->src/main/AndroidManifest.xml:52:25-66
65
66                <category android:name="android.intent.category.LAUNCHER" />
66-->src/main/AndroidManifest.xml:53:17-76
66-->src/main/AndroidManifest.xml:53:27-74
67            </intent-filter>
68        </activity>
69        <activity
69-->src/main/AndroidManifest.xml:57:9-59:39
70            android:name="com.google.mlkit.vision.demo.preference.SettingsActivity"
70-->src/main/AndroidManifest.xml:58:13-56
71            android:exported="false" />
71-->src/main/AndroidManifest.xml:59:13-37
72
73        <service
73-->[com.google.mlkit:object-detection:16.2.5] AndroidManifest.xml:8:9-14:19
74            android:name="com.google.mlkit.common.internal.MlKitComponentDiscoveryService"
74-->[com.google.mlkit:object-detection:16.2.5] AndroidManifest.xml:9:13-91
75            android:directBootAware="true"
75-->[com.google.mlkit:common:17.2.0] AndroidManifest.xml:17:13-43
76            android:exported="false" >
76-->[com.google.mlkit:object-detection:16.2.5] AndroidManifest.xml:10:13-37
77            <meta-data
77-->[com.google.mlkit:object-detection:16.2.5] AndroidManifest.xml:11:13-13:85
78                android:name="com.google.firebase.components:com.google.mlkit.vision.objects.defaults.internal.DefaultObjectsRegistrar"
78-->[com.google.mlkit:object-detection:16.2.5] AndroidManifest.xml:12:17-136
79                android:value="com.google.firebase.components.ComponentRegistrar" />
79-->[com.google.mlkit:object-detection:16.2.5] AndroidManifest.xml:13:17-82
80            <meta-data
80-->[com.google.mlkit:object-detection-custom:16.3.2] AndroidManifest.xml:11:13-13:85
81                android:name="com.google.firebase.components:com.google.mlkit.vision.objects.custom.internal.CustomObjectsRegistrar"
81-->[com.google.mlkit:object-detection-custom:16.3.2] AndroidManifest.xml:12:17-133
82                android:value="com.google.firebase.components.ComponentRegistrar" />
82-->[com.google.mlkit:object-detection-custom:16.3.2] AndroidManifest.xml:13:17-82
83            <meta-data
83-->[com.google.android.gms:play-services-mlkit-text-recognition:16.2.0] AndroidManifest.xml:12:13-14:85
84                android:name="com.google.firebase.components:com.google.mlkit.vision.text.internal.TextRegistrar"
84-->[com.google.android.gms:play-services-mlkit-text-recognition:16.2.0] AndroidManifest.xml:13:17-114
85                android:value="com.google.firebase.components.ComponentRegistrar" />
85-->[com.google.android.gms:play-services-mlkit-text-recognition:16.2.0] AndroidManifest.xml:14:17-82
86            <meta-data
86-->[com.google.mlkit:image-labeling:17.0.4] AndroidManifest.xml:11:13-13:85
87                android:name="com.google.firebase.components:com.google.mlkit.vision.label.defaults.internal.BundledLabelRegistrar"
87-->[com.google.mlkit:image-labeling:17.0.4] AndroidManifest.xml:12:17-132
88                android:value="com.google.firebase.components.ComponentRegistrar" />
88-->[com.google.mlkit:image-labeling:17.0.4] AndroidManifest.xml:13:17-82
89            <meta-data
89-->[com.google.mlkit:image-labeling-custom:16.3.1] AndroidManifest.xml:11:13-13:85
90                android:name="com.google.firebase.components:com.google.mlkit.vision.label.custom.internal.CustomLabelRegistrar"
90-->[com.google.mlkit:image-labeling-custom:16.3.1] AndroidManifest.xml:12:17-129
91                android:value="com.google.firebase.components.ComponentRegistrar" />
91-->[com.google.mlkit:image-labeling-custom:16.3.1] AndroidManifest.xml:13:17-82
92            <meta-data
92-->[com.google.mlkit:segmentation-selfie:16.0.0-beta1] AndroidManifest.xml:12:13-14:85
93                android:name="com.google.firebase.components:com.google.mlkit.vision.segmentation.internal.SegmentationRegistrar"
93-->[com.google.mlkit:segmentation-selfie:16.0.0-beta1] AndroidManifest.xml:13:17-130
94                android:value="com.google.firebase.components.ComponentRegistrar" />
94-->[com.google.mlkit:segmentation-selfie:16.0.0-beta1] AndroidManifest.xml:14:17-82
95            <meta-data
95-->[com.google.android.gms:play-services-mlkit-barcode-scanning:16.1.5] AndroidManifest.xml:12:13-14:85
96                android:name="com.google.firebase.components:com.google.mlkit.vision.barcode.internal.BarcodeRegistrar"
96-->[com.google.android.gms:play-services-mlkit-barcode-scanning:16.1.5] AndroidManifest.xml:13:17-120
97                android:value="com.google.firebase.components.ComponentRegistrar" />
97-->[com.google.android.gms:play-services-mlkit-barcode-scanning:16.1.5] AndroidManifest.xml:14:17-82
98            <meta-data
98-->[com.google.mlkit:vision-internal-vkp:18.1.0] AndroidManifest.xml:11:13-13:85
99                android:name="com.google.firebase.components:com.google.mlkit.vision.vkp.VkpRegistrar"
99-->[com.google.mlkit:vision-internal-vkp:18.1.0] AndroidManifest.xml:12:17-103
100                android:value="com.google.firebase.components.ComponentRegistrar" />
100-->[com.google.mlkit:vision-internal-vkp:18.1.0] AndroidManifest.xml:13:17-82
101            <meta-data
101-->[com.google.android.gms:play-services-mlkit-face-detection:16.1.6] AndroidManifest.xml:12:13-14:85
102                android:name="com.google.firebase.components:com.google.mlkit.vision.face.internal.FaceRegistrar"
102-->[com.google.android.gms:play-services-mlkit-face-detection:16.1.6] AndroidManifest.xml:13:17-114
103                android:value="com.google.firebase.components.ComponentRegistrar" />
103-->[com.google.android.gms:play-services-mlkit-face-detection:16.1.6] AndroidManifest.xml:14:17-82
104            <meta-data
104-->[com.google.mlkit:pose-detection-common:17.1.0-beta2] AndroidManifest.xml:11:13-13:85
105                android:name="com.google.firebase.components:com.google.mlkit.vision.pose.internal.PoseRegistrar"
105-->[com.google.mlkit:pose-detection-common:17.1.0-beta2] AndroidManifest.xml:12:17-114
106                android:value="com.google.firebase.components.ComponentRegistrar" />
106-->[com.google.mlkit:pose-detection-common:17.1.0-beta2] AndroidManifest.xml:13:17-82
107            <meta-data
107-->[com.google.mlkit:vision-common:16.4.0] AndroidManifest.xml:12:13-14:85
108                android:name="com.google.firebase.components:com.google.mlkit.vision.common.internal.VisionCommonRegistrar"
108-->[com.google.mlkit:vision-common:16.4.0] AndroidManifest.xml:13:17-124
109                android:value="com.google.firebase.components.ComponentRegistrar" />
109-->[com.google.mlkit:vision-common:16.4.0] AndroidManifest.xml:14:17-82
110            <meta-data
110-->[com.google.mlkit:common:17.2.0] AndroidManifest.xml:20:13-22:85
111                android:name="com.google.firebase.components:com.google.mlkit.common.internal.CommonComponentRegistrar"
111-->[com.google.mlkit:common:17.2.0] AndroidManifest.xml:21:17-120
112                android:value="com.google.firebase.components.ComponentRegistrar" />
112-->[com.google.mlkit:common:17.2.0] AndroidManifest.xml:22:17-82
113        </service>
114
115        <provider
115-->[com.google.mlkit:common:17.2.0] AndroidManifest.xml:9:9-13:38
116            android:name="com.google.mlkit.common.internal.MlKitInitProvider"
116-->[com.google.mlkit:common:17.2.0] AndroidManifest.xml:10:13-78
117            android:authorities="com.google.mlkit.vision.demo.mlkitinitprovider"
117-->[com.google.mlkit:common:17.2.0] AndroidManifest.xml:11:13-69
118            android:exported="false"
118-->[com.google.mlkit:common:17.2.0] AndroidManifest.xml:12:13-37
119            android:initOrder="99" />
119-->[com.google.mlkit:common:17.2.0] AndroidManifest.xml:13:13-35
120
121        <activity
121-->[com.google.android.gms:play-services-base:17.6.0] AndroidManifest.xml:23:9-26:75
122            android:name="com.google.android.gms.common.api.GoogleApiActivity"
122-->[com.google.android.gms:play-services-base:17.6.0] AndroidManifest.xml:24:13-79
123            android:exported="false"
123-->[com.google.android.gms:play-services-base:17.6.0] AndroidManifest.xml:25:13-37
124            android:theme="@android:style/Theme.Translucent.NoTitleBar" />
124-->[com.google.android.gms:play-services-base:17.6.0] AndroidManifest.xml:26:13-72
125
126        <service
126-->[com.google.android.datatransport:transport-backend-cct:2.3.3] AndroidManifest.xml:29:9-35:19
127            android:name="com.google.android.datatransport.runtime.backends.TransportBackendDiscovery"
127-->[com.google.android.datatransport:transport-backend-cct:2.3.3] AndroidManifest.xml:30:13-103
128            android:exported="false" >
128-->[com.google.android.datatransport:transport-backend-cct:2.3.3] AndroidManifest.xml:31:13-37
129            <meta-data
129-->[com.google.android.datatransport:transport-backend-cct:2.3.3] AndroidManifest.xml:32:13-34:39
130                android:name="backend:com.google.android.datatransport.cct.CctBackendFactory"
130-->[com.google.android.datatransport:transport-backend-cct:2.3.3] AndroidManifest.xml:33:17-94
131                android:value="cct" />
131-->[com.google.android.datatransport:transport-backend-cct:2.3.3] AndroidManifest.xml:34:17-36
132        </service>
133        <service
133-->[com.google.android.datatransport:transport-runtime:2.2.6] AndroidManifest.xml:26:9-30:19
134            android:name="com.google.android.datatransport.runtime.scheduling.jobscheduling.JobInfoSchedulerService"
134-->[com.google.android.datatransport:transport-runtime:2.2.6] AndroidManifest.xml:27:13-117
135            android:exported="false"
135-->[com.google.android.datatransport:transport-runtime:2.2.6] AndroidManifest.xml:28:13-37
136            android:permission="android.permission.BIND_JOB_SERVICE" >
136-->[com.google.android.datatransport:transport-runtime:2.2.6] AndroidManifest.xml:29:13-69
137        </service>
138
139        <receiver
139-->[com.google.android.datatransport:transport-runtime:2.2.6] AndroidManifest.xml:32:9-34:40
140            android:name="com.google.android.datatransport.runtime.scheduling.jobscheduling.AlarmManagerSchedulerBroadcastReceiver"
140-->[com.google.android.datatransport:transport-runtime:2.2.6] AndroidManifest.xml:33:13-132
141            android:exported="false" />
141-->[com.google.android.datatransport:transport-runtime:2.2.6] AndroidManifest.xml:34:13-37
142
143        <provider
143-->[androidx.lifecycle:lifecycle-process:2.1.0] AndroidManifest.xml:23:9-27:43
144            android:name="androidx.lifecycle.ProcessLifecycleOwnerInitializer"
144-->[androidx.lifecycle:lifecycle-process:2.1.0] AndroidManifest.xml:24:13-79
145            android:authorities="com.google.mlkit.vision.demo.lifecycle-process"
145-->[androidx.lifecycle:lifecycle-process:2.1.0] AndroidManifest.xml:25:13-69
146            android:exported="false"
146-->[androidx.lifecycle:lifecycle-process:2.1.0] AndroidManifest.xml:26:13-37
147            android:multiprocess="true" />
147-->[androidx.lifecycle:lifecycle-process:2.1.0] AndroidManifest.xml:27:13-40
148    </application>
149
150</manifest>